accounts v0.1.0 (file:///home/camus/hdd/Workspace/Aion/aion_utils/accounts)
├── acore-bytes v0.1.0 (file:///home/camus/hdd/Workspace/Aion/aion_utils/bytes)
├── aion-types v0.1.0 (file:///home/camus/hdd/Workspace/Aion/aion_utils/aion-types)
│   ├── crunchy v0.1.6
│   ├── ethereum-types-serialize v0.2.2
│   │   └── serde v1.0.89
│   ├── fixed-hash v0.1.3
│   │   ├── heapsize v0.4.2
│   │   ├── libc v0.2.49
│   │   ├── rand v0.4.6
│   │   │   └── libc v0.2.49 (*)
│   │   └── rustc-hex v1.0.0
│   ├── serde v1.0.89 (*)
│   └── uint v0.1.2
│       ├── byteorder v1.3.1
│       ├── heapsize v0.4.2 (*)
│       └── rustc-hex v1.0.0 (*)
│       [build-dependencies]
│       └── rustc_version v0.2.3
│           └── semver v0.9.0
│               └── semver-parser v0.7.0
│   [build-dependencies]
│   └── rustc_version v0.2.3 (*)
├── blake2b v0.1.0 (file:///home/camus/hdd/Workspace/Aion/aion_utils/blake2b)
│   └── aion-types v0.1.0 (file:///home/camus/hdd/Workspace/Aion/aion_utils/aion-types) (*)
├── db v0.0.1 (file:///home/camus/hdd/Workspace/Aion/aion_utils/db/core)
│   ├── acore-bytes v0.1.0 (file:///home/camus/hdd/Workspace/Aion/aion_utils/bytes) (*)
│   ├── aion-types v0.1.0 (file:///home/camus/hdd/Workspace/Aion/aion_utils/aion-types) (*)
│   ├── blake2b v0.1.0 (file:///home/camus/hdd/Workspace/Aion/aion_utils/blake2b) (*)
│   ├── elastic-array v0.9.0
│   │   └── heapsize v0.4.2 (*)
│   ├── error-chain v0.12.0
│   ├── heapsize v0.4.2 (*)
│   ├── interleaved-ordered v0.1.1
│   ├── log v0.3.9
│   │   └── log v0.4.6
│   │       └── cfg-if v0.1.6
│   ├── multimap v0.4.0
│   │   └── serde v1.0.89 (*)
│   ├── num_cpus v1.10.0
│   │   └── libc v0.2.49 (*)
│   ├── parity-rocksdb v0.5.0
│   │   ├── libc v0.2.49 (*)
│   │   ├── local-encoding v0.2.0
│   │   │   [build-dependencies]
│   │   │   └── skeptic v0.4.0
│   │   │       ├── pulldown-cmark v0.0.3
│   │   │       │   └── getopts v0.2.18
│   │   │       │       └── unicode-width v0.1.5
│   │   │       └── tempdir v0.3.7
│   │   │           ├── rand v0.4.6 (*)
│   │   │           └── remove_dir_all v0.5.1
│   │   │   [dev-dependencies]
│   │   │   └── skeptic v0.4.0 (*)
│   │   └── parity-rocksdb-sys v0.5.5
│   │       ├── libc v0.2.49 (*)
│   │       ├── local-encoding v0.2.0 (*)
│   │       └── parity-snappy-sys v0.1.2
│   │           └── libc v0.2.49 (*)
│   │           [build-dependencies]
│   │           └── cmake v0.1.35
│   │               └── cc v1.0.30
│   │       [build-dependencies]
│   │       └── cmake v0.1.35 (*)
│   ├── parking_lot v0.5.5
│   │   ├── owning_ref v0.3.3
│   │   │   └── stable_deref_trait v1.1.1
│   │   └── parking_lot_core v0.2.14
│   │       ├── libc v0.2.49 (*)
│   │       ├── rand v0.4.6 (*)
│   │       └── smallvec v0.6.9
│   ├── plain_hasher v0.1.0 (file:///home/camus/hdd/Workspace/Aion/aion_utils/plain_hasher)
│   │   ├── aion-types v0.1.0 (file:///home/camus/hdd/Workspace/Aion/aion_utils/aion-types) (*)
│   │   └── crunchy v0.1.6 (*)
│   ├── rand v0.4.6 (*)
│   ├── regex v0.2.11
│   │   ├── aho-corasick v0.6.10
│   │   │   └── memchr v2.2.0
│   │   ├── memchr v2.2.0 (*)
│   │   ├── regex-syntax v0.5.6
│   │   │   └── ucd-util v0.1.3
│   │   ├── thread_local v0.3.6
│   │   │   └── lazy_static v1.3.0
│   │   └── utf8-ranges v1.0.2
│   └── rlp v0.2.1 (file:///home/camus/hdd/Workspace/Aion/aion_utils/rlp)
│       ├── aion-types v0.1.0 (file:///home/camus/hdd/Workspace/Aion/aion_utils/aion-types) (*)
│       ├── byteorder v1.3.1 (*)
│       ├── elastic-array v0.9.0 (*)
│       ├── ethbloom v0.5.1 (file:///home/camus/hdd/Workspace/Aion/aion_utils/ethbloom)
│       │   ├── blake2b v0.1.0 (file:///home/camus/hdd/Workspace/Aion/aion_utils/blake2b) (*)
│       │   ├── crunchy v0.1.6 (*)
│       │   ├── ethereum-types-serialize v0.2.2 (*)
│       │   ├── fixed-hash v0.2.5
│       │   │   ├── heapsize v0.4.2 (*)
│       │   │   ├── libc v0.2.49 (*)
│       │   │   ├── rand v0.4.6 (*)
│       │   │   └── rustc-hex v2.0.1
│       │   └── serde v1.0.89 (*)
│       └── rustc-hex v1.0.0 (*)
├── log v0.3.9 (*)
├── lru-cache v0.1.1
│   └── linked-hash-map v0.4.2
├── patricia-trie v0.1.0 (file:///home/camus/hdd/Workspace/Aion/aion_utils/patricia_trie)
│   ├── acore-bytes v0.1.0 (file:///home/camus/hdd/Workspace/Aion/aion_utils/bytes) (*)
│   ├── aion-types v0.1.0 (file:///home/camus/hdd/Workspace/Aion/aion_utils/aion-types) (*)
│   ├── blake2b v0.1.0 (file:///home/camus/hdd/Workspace/Aion/aion_utils/blake2b) (*)
│   ├── db v0.0.1 (file:///home/camus/hdd/Workspace/Aion/aion_utils/db/core) (*)
│   ├── elastic-array v0.9.0 (*)
│   ├── log v0.3.9 (*)
│   ├── logger v1.0.0 (file:///home/camus/hdd/Workspace/Aion/aion_utils/logger)
│   │   ├── ansi_term v0.10.2
│   │   ├── arrayvec v0.4.10
│   │   │   └── nodrop v0.1.13
│   │   ├── env_logger v0.4.3
│   │   │   ├── log v0.3.9 (*)
│   │   │   └── regex v0.2.11 (*)
│   │   ├── isatty v0.1.9
│   │   │   ├── cfg-if v0.1.6 (*)
│   │   │   └── libc v0.2.49 (*)
│   │   ├── lazy_static v1.3.0 (*)
│   │   ├── log v0.3.9 (*)
│   │   ├── parking_lot v0.5.5 (*)
│   │   ├── regex v0.2.11 (*)
│   │   └── time v0.1.42
│   │       └── libc v0.2.49 (*)
│   │       [dev-dependencies]
│   │       └── winapi v0.3.6
│   ├── rand v0.4.6 (*)
│   ├── rlp v0.2.1 (file:///home/camus/hdd/Workspace/Aion/aion_utils/rlp) (*)
│   └── triehash v0.1.0 (file:///home/camus/hdd/Workspace/Aion/aion_utils/triehash)
│       ├── aion-types v0.1.0 (file:///home/camus/hdd/Workspace/Aion/aion_utils/aion-types) (*)
│       ├── blake2b v0.1.0 (file:///home/camus/hdd/Workspace/Aion/aion_utils/blake2b) (*)
│       └── rlp v0.2.1 (file:///home/camus/hdd/Workspace/Aion/aion_utils/rlp) (*)
├── rlp v0.2.1 (file:///home/camus/hdd/Workspace/Aion/aion_utils/rlp) (*)
└── rlp_derive v0.1.0 (file:///home/camus/hdd/Workspace/Aion/aion_utils/rlp_derive)
    ├── quote v0.3.15
    └── syn v0.11.11
        ├── quote v0.3.15 (*)
        ├── synom v0.11.3
        │   └── unicode-xid v0.0.4
        └── unicode-xid v0.0.4 (*)
